This is pdfTeX, Version 3.14159265-2.6-1.40.21 (MiKTeX 20.7) (preloaded format=pdflatex 2020.8.16)  16 AUG 2020 17:54
entering extended mode
**./Diplomka.tex
(Diplomka.tex
LaTeX2e <2020-02-02> patch level 5
L3 programming layer <2020-08-07>
("C:\Program Files\MiKTeX\tex/latex/base\book.cls"
Document Class: book 2019/12/20 v1.4l Standard LaTeX document class
("C:\Program Files\MiKTeX\tex/latex/base\bk12.clo"
File: bk12.clo 2019/12/20 v1.4l Standard LaTeX file (size option)
)
\c@part=\count168
\c@chapter=\count169
\c@section=\count170
\c@subsection=\count171
\c@subsubsection=\count172
\c@paragraph=\count173
\c@subparagraph=\count174
\c@figure=\count175
\c@table=\count176
\abovecaptionskip=\skip47
\belowcaptionskip=\skip48
\bibindent=\dimen134
)
("C:\Program Files\MiKTeX\tex/latex/base\inputenc.sty"
Package: inputenc 2018/08/11 v1.3c Input encoding file
\inpenc@prehook=\toks15
\inpenc@posthook=\toks16
)
("C:\Program Files\MiKTeX\tex/latex/base\fontenc.sty"
Package: fontenc 2020/02/11 v2.0o Standard LaTeX package

(C:\Users\Vojta\AppData\Roaming\MiKTeX\tex/cslatex/base\il2enc.def
File: il2enc.def 1997/08/20 CSLaTeX
Now handling font encoding IL2 ...
... no UTF-8 mapping file for font encoding IL2
)
LaTeX Font Info:    Trying to load font information for IL2+cmr on input line 1
12.

(C:\Users\Vojta\AppData\Roaming\MiKTeX\tex/cslatex/base\il2cmr.fd
File: il2cmr.fd 1997/02/06 CSLaTeX font definitions
))
("C:\Program Files\MiKTeX\tex/generic/babel\babel.sty"
Package: babel 2020/07/13 3.47 The Babel package

("C:\Program Files\MiKTeX\tex/generic/babel\babel.def"
File: babel.def 2020/07/13 3.47 Babel common definitions
\babel@savecnt=\count177
\U@D=\dimen135
\l@babelnohyphens=\language79

("C:\Program Files\MiKTeX\tex/generic/babel\txtbabel.def")
\bbl@readstream=\read2
)
\bbl@dirlevel=\count178

*************************************
* Local config file bblopts.cfg used
*
("C:\Program Files\MiKTeX\tex/latex/arabi\bblopts.cfg"
File: bblopts.cfg 2005/09/08 v0.1 add Arabic and Farsi to "declared" options of
 babel
)
("C:\Program Files\MiKTeX\tex/latex/babel-english\english.ldf"
Language: english 2017/06/06 v3.3r English support from the babel system
Package babel Info: \l@canadian = using hyphenrules for english
(babel)             (\language0) on input line 102.
Package babel Info: \l@australian = using hyphenrules for ukenglish
(babel)             (\language73) on input line 105.
Package babel Info: \l@newzealand = using hyphenrules for ukenglish
(babel)             (\language73) on input line 108.
))
(C:\Users\Vojta\AppData\Roaming\MiKTeX\tex/latex/psnfss\mathpazo.sty
Package: mathpazo 2020/03/25 PSNFSS-v9.3 Palatino w/ Pazo Math (D.Puga, WaS) 
\symupright=\mathgroup4
)
("C:\Program Files\MiKTeX\tex/latex/tools\longtable.sty"
Package: longtable 2020/01/07 v4.13 Multi-page Table package (DPC)
\LTleft=\skip49
\LTright=\skip50
\LTpre=\skip51
\LTpost=\skip52
\LTchunksize=\count179
\LTcapwidth=\dimen136
\LT@head=\box45
\LT@firsthead=\box46
\LT@foot=\box47
\LT@lastfoot=\box48
\LT@cols=\count180
\LT@rows=\count181
\c@LT@tables=\count182
\c@LT@chunks=\count183
\LT@p@ftn=\toks17
)
(C:\Users\Vojta\AppData\Roaming\MiKTeX\tex/latex/lipsum\lipsum.sty
("C:\Program Files\MiKTeX\tex/latex/l3kernel\expl3.sty"
Package: expl3 2020-08-07 L3 programming layer (loader) 

("C:\Program Files\MiKTeX\tex/latex/l3backend\l3backend-pdfmode.def"
File: l3backend-pdfmode.def 2020-08-07 L3 backend support: PDF mode
\l__kernel_color_stack_int=\count184
\l__pdf_internal_box=\box49
))
("C:\Program Files\MiKTeX\tex/latex/l3packages/xparse\xparse.sty"
Package: xparse 2020-05-15 L3 Experimental document command parser

("C:\Program Files\MiKTeX\tex/latex/l3packages/xparse\xparse-generic.tex"
\l__xparse_current_arg_int=\count185
\g__xparse_grabber_int=\count186
\l__xparse_m_args_int=\count187
\l__xparse_v_nesting_int=\count188
))
Package: lipsum 2019/01/02 v2.2 150 paragraphs of Lorem Ipsum dummy text

(C:\Users\Vojta\AppData\Roaming\MiKTeX\tex/latex/lipsum\lipsum.ltd.tex
File: lipsum.ltd.tex 2019/01/02 v2.2 The Lorem ipsum dummy text
))
("C:\Program Files\MiKTeX\tex/latex/amsmath\amsmath.sty"
Package: amsmath 2020/01/20 v2.17e AMS math features
\@mathmargin=\skip53

For additional information on amsmath, use the `?' option.
("C:\Program Files\MiKTeX\tex/latex/amsmath\amstext.sty"
Package: amstext 2000/06/29 v2.01 AMS text

("C:\Program Files\MiKTeX\tex/latex/amsmath\amsgen.sty"
File: amsgen.sty 1999/11/30 v2.0 generic functions
\@emptytoks=\toks18
\ex@=\dimen137
))
("C:\Program Files\MiKTeX\tex/latex/amsmath\amsbsy.sty"
Package: amsbsy 1999/11/29 v1.2d Bold Symbols
\pmbraise@=\dimen138
)
("C:\Program Files\MiKTeX\tex/latex/amsmath\amsopn.sty"
Package: amsopn 2016/03/08 v2.02 operator names
)
\inf@bad=\count189
LaTeX Info: Redefining \frac on input line 227.
\uproot@=\count190
\leftroot@=\count191
LaTeX Info: Redefining \overline on input line 389.
\classnum@=\count192
\DOTSCASE@=\count193
LaTeX Info: Redefining \ldots on input line 486.
LaTeX Info: Redefining \dots on input line 489.
LaTeX Info: Redefining \cdots on input line 610.
\Mathstrutbox@=\box50
\strutbox@=\box51
\big@size=\dimen139
LaTeX Font Info:    Redeclaring font encoding OML on input line 733.
LaTeX Font Info:    Redeclaring font encoding OMS on input line 734.
\macc@depth=\count194
\c@MaxMatrixCols=\count195
\dotsspace@=\muskip16
\c@parentequation=\count196
\dspbrk@lvl=\count197
\tag@help=\toks19
\row@=\count198
\column@=\count199
\maxfields@=\count266
\andhelp@=\toks20
\eqnshift@=\dimen140
\alignsep@=\dimen141
\tagshift@=\dimen142
\tagwidth@=\dimen143
\totwidth@=\dimen144
\lineht@=\dimen145
\@envbody=\toks21
\multlinegap=\skip54
\multlinetaggap=\skip55
\mathdisplay@stack=\toks22
LaTeX Info: Redefining \[ on input line 2859.
LaTeX Info: Redefining \] on input line 2860.
)
(C:\Users\Vojta\AppData\Roaming\MiKTeX\tex/latex/amscls\amsthm.sty
Package: amsthm 2020/05/29 v2.20.6
\thm@style=\toks23
\thm@bodyfont=\toks24
\thm@headfont=\toks25
\thm@notefont=\toks26
\thm@headpunct=\toks27
\thm@preskip=\skip56
\thm@postskip=\skip57
\thm@headsep=\skip58
\dth@everypar=\toks28
)
("C:\Program Files\MiKTeX\tex/latex/amsfonts\amsfonts.sty"
Package: amsfonts 2013/01/14 v3.01 Basic AMSFonts support
\symAMSa=\mathgroup5
\symAMSb=\mathgroup6
LaTeX Font Info:    Redeclaring math symbol \hbar on input line 98.
LaTeX Font Info:    Overwriting math alphabet `\mathfrak' in version `bold'
(Font)                  U/euf/m/n --> U/euf/b/n on input line 106.
)
(C:\Users\Vojta\AppData\Roaming\MiKTeX\tex/latex/jknappen\mathrsfs.sty
Package: mathrsfs 1996/01/01 Math RSFS package v1.0 (jk)
\symrsfs=\mathgroup7
)
("C:\Program Files\MiKTeX\tex/latex/amsfonts\amssymb.sty"
Package: amssymb 2013/01/14 v3.01 AMS font symbols
)
(C:\Users\Vojta\AppData\Roaming\MiKTeX\tex/latex/relsize\relsize.sty
Package: relsize 2013/03/29 ver 4.1
)
(C:\Users\Vojta\AppData\Roaming\MiKTeX\tex/latex/caption\subcaption.sty
Package: subcaption 2020/01/22 v1.3d Sub-captions (AR)

(C:\Users\Vojta\AppData\Roaming\MiKTeX\tex/latex/caption\caption.sty
Package: caption 2020/05/30 v3.4k Customizing captions (AR)

(C:\Users\Vojta\AppData\Roaming\MiKTeX\tex/latex/caption\caption3.sty
Package: caption3 2020/07/20 v1.12b caption3 kernel (AR)
Package caption3 Info: TeX engine: e-TeX on input line 61.

("C:\Program Files\MiKTeX\tex/latex/graphics\keyval.sty"
Package: keyval 2014/10/28 v1.15 key=value parser (DPC)
\KV@toks@=\toks29
)
\captionmargin=\dimen146
\captionmargin@=\dimen147
\captionwidth=\dimen148
\caption@tempdima=\dimen149
\caption@indent=\dimen150
\caption@parindent=\dimen151
\caption@hangindent=\dimen152
Package caption Info: Standard document class detected.
)
\c@caption@flags=\count267
\c@continuedfloat=\count268
Package caption Info: longtable package is loaded.

(C:\Users\Vojta\AppData\Roaming\MiKTeX\tex/latex/caption\ltcaption.sty
Package: ltcaption 2020/05/30 v1.4b longtable captions (AR)
))
\c@subfigure=\count269
\c@subtable=\count270
)
LaTeX Font Info:    Redeclaring math alphabet \mathcal on input line 73.

("C:\Program Files\MiKTeX\tex/latex/pgf/frontendlayer\tikz.sty"
("C:\Program Files\MiKTeX\tex/latex/pgf/basiclayer\pgf.sty"
("C:\Program Files\MiKTeX\tex/latex/pgf/utilities\pgfrcs.sty"
("C:\Program Files\MiKTeX\tex/generic/pgf/utilities\pgfutil-common.tex"
\pgfutil@everybye=\toks30
\pgfutil@tempdima=\dimen153
\pgfutil@tempdimb=\dimen154

("C:\Program Files\MiKTeX\tex/generic/pgf/utilities\pgfutil-common-lists.tex"))
("C:\Program Files\MiKTeX\tex/generic/pgf/utilities\pgfutil-latex.def"
\pgfutil@abb=\box52

("C:\Program Files\MiKTeX\tex/latex/ms\everyshi.sty"
Package: everyshi 2001/05/15 v3.00 EveryShipout Package (MS)
))
("C:\Program Files\MiKTeX\tex/generic/pgf/utilities\pgfrcs.code.tex"
("C:\Program Files\MiKTeX\tex/generic/pgf\pgf.revision.tex")
Package: pgfrcs 2020/01/08 v3.1.5b (3.1.5b)
))
Package: pgf 2020/01/08 v3.1.5b (3.1.5b)

("C:\Program Files\MiKTeX\tex/latex/pgf/basiclayer\pgfcore.sty"
("C:\Program Files\MiKTeX\tex/latex/graphics\graphicx.sty"
Package: graphicx 2019/11/30 v1.2a Enhanced LaTeX Graphics (DPC,SPQR)

("C:\Program Files\MiKTeX\tex/latex/graphics\graphics.sty"
Package: graphics 2019/11/30 v1.4a Standard LaTeX Graphics (DPC,SPQR)

("C:\Program Files\MiKTeX\tex/latex/graphics\trig.sty"
Package: trig 2016/01/03 v1.10 sin cos tan (DPC)
)
("C:\Program Files\MiKTeX\tex/latex/graphics-cfg\graphics.cfg"
File: graphics.cfg 2016/06/04 v1.11 sample graphics configuration
)
Package graphics Info: Driver file: pdftex.def on input line 105.

("C:\Program Files\MiKTeX\tex/latex/graphics-def\pdftex.def"
File: pdftex.def 2018/01/08 v1.0l Graphics/color driver for pdftex
))
\Gin@req@height=\dimen155
\Gin@req@width=\dimen156
)
("C:\Program Files\MiKTeX\tex/latex/pgf/systemlayer\pgfsys.sty"
("C:\Program Files\MiKTeX\tex/generic/pgf/systemlayer\pgfsys.code.tex"
Package: pgfsys 2020/01/08 v3.1.5b (3.1.5b)

("C:\Program Files\MiKTeX\tex/generic/pgf/utilities\pgfkeys.code.tex"
\pgfkeys@pathtoks=\toks31
\pgfkeys@temptoks=\toks32

("C:\Program Files\MiKTeX\tex/generic/pgf/utilities\pgfkeysfiltered.code.tex"
\pgfkeys@tmptoks=\toks33
))
\pgf@x=\dimen157
\pgf@y=\dimen158
\pgf@xa=\dimen159
\pgf@ya=\dimen160
\pgf@xb=\dimen161
\pgf@yb=\dimen162
\pgf@xc=\dimen163
\pgf@yc=\dimen164
\pgf@xd=\dimen165
\pgf@yd=\dimen166
\w@pgf@writea=\write3
\r@pgf@reada=\read3
\c@pgf@counta=\count271
\c@pgf@countb=\count272
\c@pgf@countc=\count273
\c@pgf@countd=\count274
\t@pgf@toka=\toks34
\t@pgf@tokb=\toks35
\t@pgf@tokc=\toks36
\pgf@sys@id@count=\count275
("C:\Program Files\MiKTeX\tex/generic/pgf/systemlayer\pgf.cfg"
File: pgf.cfg 2020/01/08 v3.1.5b (3.1.5b)
)
Driver file for pgf: pgfsys-pdftex.def

("C:\Program Files\MiKTeX\tex/generic/pgf/systemlayer\pgfsys-pdftex.def"
File: pgfsys-pdftex.def 2020/01/08 v3.1.5b (3.1.5b)

("C:\Program Files\MiKTeX\tex/generic/pgf/systemlayer\pgfsys-common-pdf.def"
File: pgfsys-common-pdf.def 2020/01/08 v3.1.5b (3.1.5b)
))) ("C:\Program Files\MiKTeX\tex/generic/pgf/systemlayer\pgfsyssoftpath.code.t
ex"
File: pgfsyssoftpath.code.tex 2020/01/08 v3.1.5b (3.1.5b)
\pgfsyssoftpath@smallbuffer@items=\count276
\pgfsyssoftpath@bigbuffer@items=\count277
) ("C:\Program Files\MiKTeX\tex/generic/pgf/systemlayer\pgfsysprotocol.code.tex
"
File: pgfsysprotocol.code.tex 2020/01/08 v3.1.5b (3.1.5b)
)) ("C:\Program Files\MiKTeX\tex/latex/xcolor\xcolor.sty"
Package: xcolor 2016/05/11 v2.12 LaTeX color extensions (UK)

("C:\Program Files\MiKTeX\tex/latex/graphics-cfg\color.cfg"
File: color.cfg 2016/01/02 v1.6 sample color configuration
)
Package xcolor Info: Driver file: pdftex.def on input line 225.
Package xcolor Info: Model `cmy' substituted by `cmy0' on input line 1348.
Package xcolor Info: Model `hsb' substituted by `rgb' on input line 1352.
Package xcolor Info: Model `RGB' extended on input line 1364.
Package xcolor Info: Model `HTML' substituted by `rgb' on input line 1366.
Package xcolor Info: Model `Hsb' substituted by `hsb' on input line 1367.
Package xcolor Info: Model `tHsb' substituted by `hsb' on input line 1368.
Package xcolor Info: Model `HSB' substituted by `hsb' on input line 1369.
Package xcolor Info: Model `Gray' substituted by `gray' on input line 1370.
Package xcolor Info: Model `wave' substituted by `hsb' on input line 1371.
)
("C:\Program Files\MiKTeX\tex/generic/pgf/basiclayer\pgfcore.code.tex"
Package: pgfcore 2020/01/08 v3.1.5b (3.1.5b)

("C:\Program Files\MiKTeX\tex/generic/pgf/math\pgfmath.code.tex"
("C:\Program Files\MiKTeX\tex/generic/pgf/math\pgfmathcalc.code.tex"
("C:\Program Files\MiKTeX\tex/generic/pgf/math\pgfmathutil.code.tex")
("C:\Program Files\MiKTeX\tex/generic/pgf/math\pgfmathparser.code.tex"
\pgfmath@dimen=\dimen167
\pgfmath@count=\count278
\pgfmath@box=\box53
\pgfmath@toks=\toks37
\pgfmath@stack@operand=\toks38
\pgfmath@stack@operation=\toks39
)
("C:\Program Files\MiKTeX\tex/generic/pgf/math\pgfmathfunctions.code.tex"
("C:\Program Files\MiKTeX\tex/generic/pgf/math\pgfmathfunctions.basic.code.tex"
)
("C:\Program Files\MiKTeX\tex/generic/pgf/math\pgfmathfunctions.trigonometric.c
ode.tex")
("C:\Program Files\MiKTeX\tex/generic/pgf/math\pgfmathfunctions.random.code.tex
")
("C:\Program Files\MiKTeX\tex/generic/pgf/math\pgfmathfunctions.comparison.code
.tex")
("C:\Program Files\MiKTeX\tex/generic/pgf/math\pgfmathfunctions.base.code.tex")
("C:\Program Files\MiKTeX\tex/generic/pgf/math\pgfmathfunctions.round.code.tex"
) ("C:\Program Files\MiKTeX\tex/generic/pgf/math\pgfmathfunctions.misc.code.tex
")
("C:\Program Files\MiKTeX\tex/generic/pgf/math\pgfmathfunctions.integerarithmet
ics.code.tex")))
("C:\Program Files\MiKTeX\tex/generic/pgf/math\pgfmathfloat.code.tex"
\c@pgfmathroundto@lastzeros=\count279
))
("C:\Program Files\MiKTeX\tex/generic/pgf/math\pgfint.code.tex")
("C:\Program Files\MiKTeX\tex/generic/pgf/basiclayer\pgfcorepoints.code.tex"
File: pgfcorepoints.code.tex 2020/01/08 v3.1.5b (3.1.5b)
\pgf@picminx=\dimen168
\pgf@picmaxx=\dimen169
\pgf@picminy=\dimen170
\pgf@picmaxy=\dimen171
\pgf@pathminx=\dimen172
\pgf@pathmaxx=\dimen173
\pgf@pathminy=\dimen174
\pgf@pathmaxy=\dimen175
\pgf@xx=\dimen176
\pgf@xy=\dimen177
\pgf@yx=\dimen178
\pgf@yy=\dimen179
\pgf@zx=\dimen180
\pgf@zy=\dimen181
)
("C:\Program Files\MiKTeX\tex/generic/pgf/basiclayer\pgfcorepathconstruct.code.
tex"
File: pgfcorepathconstruct.code.tex 2020/01/08 v3.1.5b (3.1.5b)
\pgf@path@lastx=\dimen182
\pgf@path@lasty=\dimen183
)
("C:\Program Files\MiKTeX\tex/generic/pgf/basiclayer\pgfcorepathusage.code.tex"
File: pgfcorepathusage.code.tex 2020/01/08 v3.1.5b (3.1.5b)
\pgf@shorten@end@additional=\dimen184
\pgf@shorten@start@additional=\dimen185
) ("C:\Program Files\MiKTeX\tex/generic/pgf/basiclayer\pgfcorescopes.code.tex"
File: pgfcorescopes.code.tex 2020/01/08 v3.1.5b (3.1.5b)
\pgfpic=\box54
\pgf@hbox=\box55
\pgf@layerbox@main=\box56
\pgf@picture@serial@count=\count280
)
("C:\Program Files\MiKTeX\tex/generic/pgf/basiclayer\pgfcoregraphicstate.code.t
ex"
File: pgfcoregraphicstate.code.tex 2020/01/08 v3.1.5b (3.1.5b)
\pgflinewidth=\dimen186
)
("C:\Program Files\MiKTeX\tex/generic/pgf/basiclayer\pgfcoretransformations.cod
e.tex"
File: pgfcoretransformations.code.tex 2020/01/08 v3.1.5b (3.1.5b)
\pgf@pt@x=\dimen187
\pgf@pt@y=\dimen188
\pgf@pt@temp=\dimen189
)
("C:\Program Files\MiKTeX\tex/generic/pgf/basiclayer\pgfcorequick.code.tex"
File: pgfcorequick.code.tex 2020/01/08 v3.1.5b (3.1.5b)
)
("C:\Program Files\MiKTeX\tex/generic/pgf/basiclayer\pgfcoreobjects.code.tex"
File: pgfcoreobjects.code.tex 2020/01/08 v3.1.5b (3.1.5b)
)
("C:\Program Files\MiKTeX\tex/generic/pgf/basiclayer\pgfcorepathprocessing.code
.tex"
File: pgfcorepathprocessing.code.tex 2020/01/08 v3.1.5b (3.1.5b)
)
("C:\Program Files\MiKTeX\tex/generic/pgf/basiclayer\pgfcorearrows.code.tex"
File: pgfcorearrows.code.tex 2020/01/08 v3.1.5b (3.1.5b)
\pgfarrowsep=\dimen190
)
("C:\Program Files\MiKTeX\tex/generic/pgf/basiclayer\pgfcoreshade.code.tex"
File: pgfcoreshade.code.tex 2020/01/08 v3.1.5b (3.1.5b)
\pgf@max=\dimen191
\pgf@sys@shading@range@num=\count281
\pgf@shadingcount=\count282
)
("C:\Program Files\MiKTeX\tex/generic/pgf/basiclayer\pgfcoreimage.code.tex"
File: pgfcoreimage.code.tex 2020/01/08 v3.1.5b (3.1.5b)

("C:\Program Files\MiKTeX\tex/generic/pgf/basiclayer\pgfcoreexternal.code.tex"
File: pgfcoreexternal.code.tex 2020/01/08 v3.1.5b (3.1.5b)
\pgfexternal@startupbox=\box57
)) ("C:\Program Files\MiKTeX\tex/generic/pgf/basiclayer\pgfcorelayers.code.tex"
File: pgfcorelayers.code.tex 2020/01/08 v3.1.5b (3.1.5b)
)
("C:\Program Files\MiKTeX\tex/generic/pgf/basiclayer\pgfcoretransparency.code.t
ex"
File: pgfcoretransparency.code.tex 2020/01/08 v3.1.5b (3.1.5b)
)
("C:\Program Files\MiKTeX\tex/generic/pgf/basiclayer\pgfcorepatterns.code.tex"
File: pgfcorepatterns.code.tex 2020/01/08 v3.1.5b (3.1.5b)
) ("C:\Program Files\MiKTeX\tex/generic/pgf/basiclayer\pgfcorerdf.code.tex"
File: pgfcorerdf.code.tex 2020/01/08 v3.1.5b (3.1.5b)
)))
("C:\Program Files\MiKTeX\tex/generic/pgf/modules\pgfmoduleshapes.code.tex"
File: pgfmoduleshapes.code.tex 2020/01/08 v3.1.5b (3.1.5b)
\pgfnodeparttextbox=\box58
)
("C:\Program Files\MiKTeX\tex/generic/pgf/modules\pgfmoduleplot.code.tex"
File: pgfmoduleplot.code.tex 2020/01/08 v3.1.5b (3.1.5b)
)
("C:\Program Files\MiKTeX\tex/latex/pgf/compatibility\pgfcomp-version-0-65.sty"
Package: pgfcomp-version-0-65 2020/01/08 v3.1.5b (3.1.5b)
\pgf@nodesepstart=\dimen192
\pgf@nodesepend=\dimen193
) ("C:\Program Files\MiKTeX\tex/latex/pgf/compatibility\pgfcomp-version-1-18.st
y"
Package: pgfcomp-version-1-18 2020/01/08 v3.1.5b (3.1.5b)
)) ("C:\Program Files\MiKTeX\tex/latex/pgf/utilities\pgffor.sty"
("C:\Program Files\MiKTeX\tex/latex/pgf/utilities\pgfkeys.sty"
("C:\Program Files\MiKTeX\tex/generic/pgf/utilities\pgfkeys.code.tex"))
("C:\Program Files\MiKTeX\tex/latex/pgf/math\pgfmath.sty"
("C:\Program Files\MiKTeX\tex/generic/pgf/math\pgfmath.code.tex"))
("C:\Program Files\MiKTeX\tex/generic/pgf/utilities\pgffor.code.tex"
Package: pgffor 2020/01/08 v3.1.5b (3.1.5b)

("C:\Program Files\MiKTeX\tex/generic/pgf/math\pgfmath.code.tex")
\pgffor@iter=\dimen194
\pgffor@skip=\dimen195
\pgffor@stack=\toks40
\pgffor@toks=\toks41
))
("C:\Program Files\MiKTeX\tex/generic/pgf/frontendlayer/tikz\tikz.code.tex"
Package: tikz 2020/01/08 v3.1.5b (3.1.5b)

("C:\Program Files\MiKTeX\tex/generic/pgf/libraries\pgflibraryplothandlers.code
.tex"
File: pgflibraryplothandlers.code.tex 2020/01/08 v3.1.5b (3.1.5b)
\pgf@plot@mark@count=\count283
\pgfplotmarksize=\dimen196
)
\tikz@lastx=\dimen197
\tikz@lasty=\dimen198
\tikz@lastxsaved=\dimen199
\tikz@lastysaved=\dimen256
\tikz@lastmovetox=\dimen257
\tikz@lastmovetoy=\dimen258
\tikzleveldistance=\dimen259
\tikzsiblingdistance=\dimen260
\tikz@figbox=\box59
\tikz@figbox@bg=\box60
\tikz@tempbox=\box61
\tikz@tempbox@bg=\box62
\tikztreelevel=\count284
\tikznumberofchildren=\count285
\tikznumberofcurrentchild=\count286
\tikz@fig@count=\count287

("C:\Program Files\MiKTeX\tex/generic/pgf/modules\pgfmodulematrix.code.tex"
File: pgfmodulematrix.code.tex 2020/01/08 v3.1.5b (3.1.5b)
\pgfmatrixcurrentrow=\count288
\pgfmatrixcurrentcolumn=\count289
\pgf@matrix@numberofcolumns=\count290
)
\tikz@expandcount=\count291

("C:\Program Files\MiKTeX\tex/generic/pgf/frontendlayer/tikz/libraries\tikzlibr
arytopaths.code.tex"
File: tikzlibrarytopaths.code.tex 2020/01/08 v3.1.5b (3.1.5b)
)))
("C:\Program Files\MiKTeX\tex/generic/pgf/frontendlayer/tikz/libraries\tikzlibr
aryarrows.code.tex"
File: tikzlibraryarrows.code.tex 2020/01/08 v3.1.5b (3.1.5b)

("C:\Program Files\MiKTeX\tex/generic/pgf/libraries\pgflibraryarrows.code.tex"
File: pgflibraryarrows.code.tex 2020/01/08 v3.1.5b (3.1.5b)
\arrowsize=\dimen261
))
("C:\Program Files\MiKTeX\tex/generic/pgf/frontendlayer/tikz/libraries\tikzlibr
arycalc.code.tex"
File: tikzlibrarycalc.code.tex 2020/01/08 v3.1.5b (3.1.5b)
)
("C:\Program Files\MiKTeX\tex/generic/pgf/frontendlayer/tikz/libraries\tikzlibr
arypatterns.code.tex"
File: tikzlibrarypatterns.code.tex 2020/01/08 v3.1.5b (3.1.5b)

("C:\Program Files\MiKTeX\tex/generic/pgf/libraries\pgflibrarypatterns.code.tex
"
File: pgflibrarypatterns.code.tex 2020/01/08 v3.1.5b (3.1.5b)
))
("C:\Program Files\MiKTeX\tex/generic/pgf/frontendlayer/tikz/libraries\tikzlibr
arydecorations.pathreplacing.code.tex"
("C:\Program Files\MiKTeX\tex/generic/pgf/frontendlayer/tikz/libraries\tikzlibr
arydecorations.code.tex"
("C:\Program Files\MiKTeX\tex/generic/pgf/modules\pgfmoduledecorations.code.tex
"
\pgfdecoratedcompleteddistance=\dimen262
\pgfdecoratedremainingdistance=\dimen263
\pgfdecoratedinputsegmentcompleteddistance=\dimen264
\pgfdecoratedinputsegmentremainingdistance=\dimen265
\pgf@decorate@distancetomove=\dimen266
\pgf@decorate@repeatstate=\count292
\pgfdecorationsegmentamplitude=\dimen267
\pgfdecorationsegmentlength=\dimen268
)
\tikz@lib@dec@box=\box63
)
("C:\Program Files\MiKTeX\tex/generic/pgf/libraries/decorations\pgflibrarydecor
ations.pathreplacing.code.tex"))
("C:\Program Files\MiKTeX\tex/generic/pgf/frontendlayer/tikz/libraries\tikzlibr
arydecorations.markings.code.tex"
("C:\Program Files\MiKTeX\tex/generic/pgf/libraries/decorations\pgflibrarydecor
ations.markings.code.tex"))
("C:\Program Files\MiKTeX\tex/latex/pgfplots\pgfplots.sty"
("C:\Program Files\MiKTeX\tex/generic/pgfplots\pgfplots.revision.tex")
Package: pgfplots 2020/02/29 v1.17 Data Visualization (1.17)

("C:\Program Files\MiKTeX\tex/generic/pgfplots\pgfplots.code.tex"
("C:\Program Files\MiKTeX\tex/generic/pgfplots\pgfplotscore.code.tex"
\t@pgfplots@toka=\toks42
\t@pgfplots@tokb=\toks43
\t@pgfplots@tokc=\toks44
\pgfplots@tmpa=\dimen269
\c@pgfplots@coordindex=\count293
\c@pgfplots@scanlineindex=\count294

("C:\Program Files\MiKTeX\tex/generic/pgfplots/sys\pgfplotssysgeneric.code.tex"
)) ("C:\Program Files\MiKTeX\tex/generic/pgfplots/libs\pgfplotslibrary.code.tex
")
("C:\Program Files\MiKTeX\tex/generic/pgfplots/oldpgfcompatib\pgfplotsoldpgfsup
p_loader.code.tex"
("C:\Program Files\MiKTeX\tex/generic/pgf/libraries\pgflibraryfpu.code.tex"))
("C:\Program Files\MiKTeX\tex/generic/pgfplots/util\pgfplotsutil.code.tex"
("C:\Program Files\MiKTeX\tex/generic/pgfplots/liststructure\pgfplotsliststruct
ure.code.tex")
("C:\Program Files\MiKTeX\tex/generic/pgfplots/liststructure\pgfplotsliststruct
ureext.code.tex")
("C:\Program Files\MiKTeX\tex/generic/pgfplots/liststructure\pgfplotsarray.code
.tex"
\c@pgfplotsarray@tmp=\count295
)
("C:\Program Files\MiKTeX\tex/generic/pgfplots/liststructure\pgfplotsmatrix.cod
e.tex")
("C:\Program Files\MiKTeX\tex/generic/pgfplots/numtable\pgfplotstableshared.cod
e.tex"
\c@pgfplotstable@counta=\count296
\t@pgfplotstable@a=\toks45
)
("C:\Program Files\MiKTeX\tex/generic/pgfplots/liststructure\pgfplotsdeque.code
.tex")
("C:\Program Files\MiKTeX\tex/generic/pgfplots/util\pgfplotsbinary.code.tex"
("C:\Program Files\MiKTeX\tex/generic/pgfplots/util\pgfplotsbinary.data.code.te
x"))
("C:\Program Files\MiKTeX\tex/generic/pgfplots/util\pgfplotsutil.verb.code.tex"
)
("C:\Program Files\MiKTeX\tex/generic/pgfplots/libs\pgflibrarypgfplots.surfshad
ing.code.tex"
\c@pgfplotslibrarysurf@no=\count297

("C:\Program Files\MiKTeX\tex/generic/pgfplots/sys\pgflibrarypgfplots.surfshadi
ng.pgfsys-pdftex.def")))
("C:\Program Files\MiKTeX\tex/generic/pgfplots/util\pgfplotscolormap.code.tex"
("C:\Program Files\MiKTeX\tex/generic/pgfplots/util\pgfplotscolor.code.tex"))
("C:\Program Files\MiKTeX\tex/generic/pgfplots\pgfplotsstackedplots.code.tex")
("C:\Program Files\MiKTeX\tex/generic/pgfplots\pgfplotsplothandlers.code.tex"
("C:\Program Files\MiKTeX\tex/generic/pgfplots\pgfplotsmeshplothandler.code.tex
" ("C:\Program Files\MiKTeX\tex/generic/pgfplots\pgfplotsmeshplotimage.code.tex
"))) ("C:\Program Files\MiKTeX\tex/generic/pgfplots\pgfplots.scaling.code.tex")
("C:\Program Files\MiKTeX\tex/generic/pgfplots\pgfplotscoordprocessing.code.tex
") ("C:\Program Files\MiKTeX\tex/generic/pgfplots\pgfplots.errorbars.code.tex")
("C:\Program Files\MiKTeX\tex/generic/pgfplots\pgfplots.markers.code.tex")
("C:\Program Files\MiKTeX\tex/generic/pgfplots\pgfplotsticks.code.tex")
("C:\Program Files\MiKTeX\tex/generic/pgfplots\pgfplots.paths.code.tex")
("C:\Program Files\MiKTeX\tex/generic/pgf/frontendlayer/tikz/libraries\tikzlibr
arydecorations.pathmorphing.code.tex"
("C:\Program Files\MiKTeX\tex/generic/pgf/libraries/decorations\pgflibrarydecor
ations.pathmorphing.code.tex"))
\pgfplots@numplots=\count298
\pgfplots@xmin@reg=\dimen270
\pgfplots@xmax@reg=\dimen271
\pgfplots@ymin@reg=\dimen272
\pgfplots@ymax@reg=\dimen273
\pgfplots@zmin@reg=\dimen274
\pgfplots@zmax@reg=\dimen275
)
("C:\Program Files\MiKTeX\tex/generic/pgf/frontendlayer/tikz/libraries\tikzlibr
aryplotmarks.code.tex"
File: tikzlibraryplotmarks.code.tex 2020/01/08 v3.1.5b (3.1.5b)

("C:\Program Files\MiKTeX\tex/generic/pgf/libraries\pgflibraryplotmarks.code.te
x"
File: pgflibraryplotmarks.code.tex 2020/01/08 v3.1.5b (3.1.5b)
))) (C:\Users\Vojta\AppData\Roaming\MiKTeX\tex/latex/tocbibind\tocbibind.sty
Package: tocbibind 2010/10/13 v1.5k extra ToC listings
Package tocbibind Info: The document has chapter divisions on input line 50.


Package tocbibind Note: Using chapter style headings, unless overridden.

) ("C:\Program Files\MiKTeX\tex/latex/url\url.sty"
\Urlmuskip=\muskip17
Package: url 2013/09/16  ver 3.4  Verb mode for urls, etc.
) (sci.muni.thesis.sty
*******************************************************************************

Package: sci.muni.thesis 2019/02/22 v2.0
This package provides the basic style for bachelor, master, and rigorous theses
 written by students of the Faculty of Science (Masaryk University) with repect
 to the Provision of Dean No. 12/2018
Author: Petr Zemanek (zemanekp@math.muni.cz)
For bachelor and master theses see http://www.sci.muni.cz/en/BcMgrStudium/
For rigorous theses see http://www.sci.muni.cz/en/RigRiz/

Tento balik poskytuje zakladni styl potrebny pro bakalarske, diplomove a rigoro
zni prace psane studenty Prirodovedecke fakulty Masarykovy univerzity dle Opatr
eni dekana c. 12/2018
Autor: Petr Zemanek (zemanekp@math.muni.cz)
Pro bakalarske a diplomove prace viz http://www.sci.muni.cz/cz/BcMgrStudium/
Pro rigorozni prace viz http://www.sci.muni.cz/cz/RigRiz/
*******************************************************************************

("C:\Program Files\MiKTeX\tex/latex/etoolbox\etoolbox.sty"
Package: etoolbox 2020/07/15 v2.5i e-TeX tools for LaTeX (JAW)
\etb@tempcnta=\count299
)
(C:\Users\Vojta\AppData\Roaming\MiKTeX\tex/latex/textfit\textfit.sty
Package: textfit 1994/04/15
\mags@f@r=\count300
\desired@size=\dimen276
\r@mainder=\count301
\m@gstepcount=\count302
\m@gsteplimit=\count303
\m@gstepvalue=\count304
\m@gstepdimen=\dimen277
)
(C:\Users\Vojta\AppData\Roaming\MiKTeX\tex/latex/changepage\changepage.sty
Package: changepage 2009/10/20 v1.0c check page and change page layout
\c@cp@cntr=\count305
\cp@tempcnt=\count306
)
(C:\Users\Vojta\AppData\Roaming\MiKTeX\tex/latex/setspace\setspace.sty
Package: setspace 2011/12/19 v6.7a set line spacing
)
("C:\Program Files\MiKTeX\tex/latex/base\ifthen.sty"
Package: ifthen 2014/09/29 v1.1c Standard LaTeX ifthen package (DPC)
)
(C:\Users\Vojta\AppData\Roaming\MiKTeX\tex/latex/fancyhdr\fancyhdr.sty
Package: fancyhdr 2019/01/31 v3.10 Extensive control of page headers and footer
s
\f@nch@headwidth=\skip59
\f@nch@O@elh=\skip60
\f@nch@O@erh=\skip61
\f@nch@O@olh=\skip62
\f@nch@O@orh=\skip63
\f@nch@O@elf=\skip64
\f@nch@O@erf=\skip65
\f@nch@O@olf=\skip66
\f@nch@O@orf=\skip67
)
("C:\Program Files\MiKTeX\tex/latex/tools\calc.sty"
Package: calc 2017/05/25 v4.3 Infix arithmetic (KKT,FJ)
\calc@Acount=\count307
\calc@Bcount=\count308
\calc@Adimen=\dimen278
\calc@Bdimen=\dimen279
\calc@Askip=\skip68
\calc@Bskip=\skip69
LaTeX Info: Redefining \setlength on input line 80.
LaTeX Info: Redefining \addtolength on input line 81.
\calc@Ccount=\count309
\calc@Cskip=\skip70
)
(C:\Users\Vojta\AppData\Roaming\MiKTeX\tex/latex/pdfpages\pdfpages.sty
Package: pdfpages 2020/01/28 v0.5q Insert pages of external PDF documents (AM)

(C:\Users\Vojta\AppData\Roaming\MiKTeX\tex/latex/eso-pic\eso-pic.sty
Package: eso-pic 2018/04/12 v2.0h eso-pic (RN)

(C:\Users\Vojta\AppData\Roaming\MiKTeX\tex/generic/atbegshi\atbegshi.sty
Package: atbegshi 2019/12/05 v1.19 At begin shipout hook (HO)

(C:\Users\Vojta\AppData\Roaming\MiKTeX\tex/generic/infwarerr\infwarerr.sty
Package: infwarerr 2019/12/03 v1.5 Providing info/warning/error messages (HO)
)
(C:\Users\Vojta\AppData\Roaming\MiKTeX\tex/generic/ltxcmds\ltxcmds.sty
Package: ltxcmds 2019/12/15 v1.24 LaTeX kernel commands for general use (HO)
)
("C:\Program Files\MiKTeX\tex/generic/iftex\iftex.sty"
Package: iftex 2020/03/06 v1.0d TeX engine tests
)))
\AM@pagewidth=\dimen280
\AM@pageheight=\dimen281

(C:\Users\Vojta\AppData\Roaming\MiKTeX\tex/latex/pdfpages\pppdftex.def
File: pppdftex.def 2020/01/28 v0.5q Pdfpages driver for pdfTeX (AM)
)
\AM@pagebox=\box64
\AM@global@opts=\toks46
\AM@pagecnt=\count310
\AM@toc@title=\toks47
\c@AM@survey=\count311
\AM@templatesizebox=\box65
)
("C:\Program Files\MiKTeX\tex/latex/base\makeidx.sty"
Package: makeidx 2014/09/29 v1.0m Standard LaTeX package
)
("C:\Program Files\MiKTeX\tex/latex/hyperref\hyperref.sty"
Package: hyperref 2020-05-15 v7.00e Hypertext links for LaTeX

("C:\Program Files\MiKTeX\tex/generic/pdftexcmds\pdftexcmds.sty"
Package: pdftexcmds 2020-06-27 v0.33 Utility functions of pdfTeX for LuaTeX (HO
)
Package pdftexcmds Info: \pdf@primitive is available.
Package pdftexcmds Info: \pdf@ifprimitive is available.
Package pdftexcmds Info: \pdfdraftmode found.
)
(C:\Users\Vojta\AppData\Roaming\MiKTeX\tex/generic/kvsetkeys\kvsetkeys.sty
Package: kvsetkeys 2019/12/15 v1.18 Key value parser (HO)
)
(C:\Users\Vojta\AppData\Roaming\MiKTeX\tex/generic/kvdefinekeys\kvdefinekeys.st
y
Package: kvdefinekeys 2019-12-19 v1.6 Define keys (HO)
) (C:\Users\Vojta\AppData\Roaming\MiKTeX\tex/generic/pdfescape\pdfescape.sty
Package: pdfescape 2019/12/09 v1.15 Implements pdfTeX's escape features (HO)
)
(C:\Users\Vojta\AppData\Roaming\MiKTeX\tex/latex/hycolor\hycolor.sty
Package: hycolor 2020-01-27 v1.10 Color options for hyperref/bookmark (HO)
)
(C:\Users\Vojta\AppData\Roaming\MiKTeX\tex/latex/letltxmacro\letltxmacro.sty
Package: letltxmacro 2019/12/03 v1.6 Let assignment for LaTeX macros (HO)
)
(C:\Users\Vojta\AppData\Roaming\MiKTeX\tex/latex/auxhook\auxhook.sty
Package: auxhook 2019-12-17 v1.6 Hooks for auxiliary files (HO)
)
(C:\Users\Vojta\AppData\Roaming\MiKTeX\tex/latex/kvoptions\kvoptions.sty
Package: kvoptions 2019/11/29 v3.13 Key value format for package options (HO)
)
\@linkdim=\dimen282
\Hy@linkcounter=\count312
\Hy@pagecounter=\count313

("C:\Program Files\MiKTeX\tex/latex/hyperref\pd1enc.def"
File: pd1enc.def 2020-05-15 v7.00e Hyperref: PDFDocEncoding definition (HO)
Now handling font encoding PD1 ...
... no UTF-8 mapping file for font encoding PD1
)
(C:\Users\Vojta\AppData\Roaming\MiKTeX\tex/generic/intcalc\intcalc.sty
Package: intcalc 2019/12/15 v1.3 Expandable calculations with integers (HO)
)
(C:\Users\Vojta\AppData\Roaming\MiKTeX\tex/generic/etexcmds\etexcmds.sty
Package: etexcmds 2019/12/15 v1.7 Avoid name clashes with e-TeX commands (HO)
)
\Hy@SavedSpaceFactor=\count314
Package hyperref Info: Option `final' set `true' on input line 4338.
Package hyperref Info: Hyper figures OFF on input line 4464.
Package hyperref Info: Link nesting OFF on input line 4469.
Package hyperref Info: Hyper index ON on input line 4472.
Package hyperref Info: Plain pages OFF on input line 4479.
Package hyperref Info: Backreferencing OFF on input line 4484.
Package hyperref Info: Implicit mode ON; LaTeX internals redefined.
Package hyperref Info: Bookmarks ON on input line 4717.
\c@Hy@tempcnt=\count315
LaTeX Info: Redefining \url on input line 5076.
\XeTeXLinkMargin=\dimen283

(C:\Users\Vojta\AppData\Roaming\MiKTeX\tex/generic/bitset\bitset.sty
Package: bitset 2019/12/09 v1.3 Handle bit-vector datatype (HO)

(C:\Users\Vojta\AppData\Roaming\MiKTeX\tex/generic/bigintcalc\bigintcalc.sty
Package: bigintcalc 2019/12/15 v1.5 Expandable calculations on big integers (HO
)
))
\Fld@menulength=\count316
\Field@Width=\dimen284
\Fld@charsize=\dimen285
Package hyperref Info: Hyper figures OFF on input line 6347.
Package hyperref Info: Link nesting OFF on input line 6352.
Package hyperref Info: Hyper index ON on input line 6355.
Package hyperref Info: backreferencing OFF on input line 6362.
Package hyperref Info: Link coloring OFF on input line 6367.
Package hyperref Info: Link coloring with OCG OFF on input line 6372.
Package hyperref Info: PDF/A mode OFF on input line 6377.
LaTeX Info: Redefining \ref on input line 6417.
LaTeX Info: Redefining \pageref on input line 6421.
\Hy@abspage=\count317
\c@Item=\count318
\c@Hfootnote=\count319
)
Package hyperref Info: Driver (autodetected): hpdftex.
("C:\Program Files\MiKTeX\tex/latex/hyperref\hpdftex.def"
File: hpdftex.def 2020-05-15 v7.00e Hyperref driver for pdfTeX

(C:\Users\Vojta\AppData\Roaming\MiKTeX\tex/latex/atveryend\atveryend.sty
Package: atveryend 2019-12-11 v1.11 Hooks at the very end of document (HO)
)
\Fld@listcount=\count320
\c@bookmark@seq@number=\count321

(C:\Users\Vojta\AppData\Roaming\MiKTeX\tex/latex/rerunfilecheck\rerunfilecheck.
sty
Package: rerunfilecheck 2019/12/05 v1.9 Rerun checks for auxiliary files (HO)

(C:\Users\Vojta\AppData\Roaming\MiKTeX\tex/generic/uniquecounter\uniquecounter.
sty
Package: uniquecounter 2019/12/15 v1.4 Provide unlimited unique counter (HO)
)
Package uniquecounter Info: New unique counter `rerunfilecheck' on input line 2
86.
)
\Hy@SectionHShift=\skip71
) ("C:\Program Files\MiKTeX\tex/latex/oberdiek\hypcap.sty"
Package: hypcap 2016/05/16 v1.12 Adjusting the anchors of captions (HO)
)
(C:\Users\Vojta\AppData\Roaming\MiKTeX\tex/latex/geometry\geometry.sty
Package: geometry 2020/01/02 v5.9 Page Geometry

("C:\Program Files\MiKTeX\tex/generic/iftex\ifvtex.sty"
Package: ifvtex 2019/10/25 v1.7 ifvtex legacy package. Use iftex instead.
)
\Gm@cnth=\count322
\Gm@cntv=\count323
\c@Gm@tempcnt=\count324
\Gm@bindingoffset=\dimen286
\Gm@wd@mp=\dimen287
\Gm@odd@mp=\dimen288
\Gm@even@mp=\dimen289
\Gm@layoutwidth=\dimen290
\Gm@layoutheight=\dimen291
\Gm@layouthoffset=\dimen292
\Gm@layoutvoffset=\dimen293
\Gm@dimlist=\toks48

(C:\Users\Vojta\AppData\Roaming\MiKTeX\tex/latex/geometry\geometry.cfg))
(C:\Users\Vojta\AppData\Roaming\MiKTeX\tex/latex/tocloft\tocloft.sty
Package: tocloft 2017/08/31 v2.3i parameterised ToC, etc., typesetting
Package tocloft Info: The document has chapter divisions on input line 51.
\cftparskip=\skip72
\cftbeforetoctitleskip=\skip73
\cftaftertoctitleskip=\skip74
\cftbeforepartskip=\skip75
\cftpartnumwidth=\skip76
\cftpartindent=\skip77
\cftbeforechapskip=\skip78
\cftchapindent=\skip79
\cftchapnumwidth=\skip80
\cftbeforesecskip=\skip81
\cftsecindent=\skip82
\cftsecnumwidth=\skip83
\cftbeforesubsecskip=\skip84
\cftsubsecindent=\skip85
\cftsubsecnumwidth=\skip86
\cftbeforesubsubsecskip=\skip87
\cftsubsubsecindent=\skip88
\cftsubsubsecnumwidth=\skip89
\cftbeforeparaskip=\skip90
\cftparaindent=\skip91
\cftparanumwidth=\skip92
\cftbeforesubparaskip=\skip93
\cftsubparaindent=\skip94
\cftsubparanumwidth=\skip95
\cftbeforeloftitleskip=\skip96
\cftafterloftitleskip=\skip97
\cftbeforefigskip=\skip98
\cftfigindent=\skip99
\cftfignumwidth=\skip100
\c@lofdepth=\count325
\c@lotdepth=\count326
\cftbeforelottitleskip=\skip101
\cftafterlottitleskip=\skip102
\cftbeforetabskip=\skip103
\cfttabindent=\skip104
\cfttabnumwidth=\skip105
))
\@indexfile=\write4
\openout4 = `Diplomka.idx'.


Writing index file Diplomka.idx
(C:\Users\Vojta\AppData\Roaming\MiKTeX\tex/latex/cleveref\cleveref.sty
Package: cleveref 2018/03/27 v0.21.4 Intelligent cross-referencing
Package cleveref Info: `hyperref' support loaded on input line 2370.
LaTeX Info: Redefining \cref on input line 2370.
LaTeX Info: Redefining \Cref on input line 2370.
LaTeX Info: Redefining \crefrange on input line 2370.
LaTeX Info: Redefining \Crefrange on input line 2370.
LaTeX Info: Redefining \cpageref on input line 2370.
LaTeX Info: Redefining \Cpageref on input line 2370.
LaTeX Info: Redefining \cpagerefrange on input line 2370.
LaTeX Info: Redefining \Cpagerefrange on input line 2370.
LaTeX Info: Redefining \labelcref on input line 2370.
LaTeX Info: Redefining \labelcpageref on input line 2370.
Package cleveref Info: `amsthm' support loaded on input line 3026.
)
Package hyperref Info: Option `unicode' set `true' on input line 280.

("C:\Program Files\MiKTeX\tex/latex/hyperref\puenc.def"
File: puenc.def 2020-05-15 v7.00e Hyperref: PDF Unicode definition (HO)
Now handling font encoding PU ...
... no UTF-8 mapping file for font encoding PU
)
Package hyperref Info: Option `breaklinks' set `true' on input line 280.
Package hyperref Info: Option `colorlinks' set `true' on input line 280.
Package hyperref Info: Option `unicode' set `true' on input line 280.

(C:\Users\Vojta\AppData\Roaming\MiKTeX\tex/generic/stringenc\stringenc.sty
Package: stringenc 2019/11/29 v1.12 Convert strings between diff. encodings (HO
)
)
(C:\Users\Vojta\AppData\Roaming\MiKTeX\tex/generic/stringenc\se-pdfdoc.def
File: se-pdfdoc.def 2019/11/29 v1.12 stringenc: PDFDocEncoding
)
(Diplomka.aux)
\openout1 = `Diplomka.aux'.

LaTeX Font Info:    Checking defaults for OML/cmm/m/it on input line 280.
LaTeX Font Info:    ... okay on input line 280.
LaTeX Font Info:    Checking defaults for OMS/cmsy/m/n on input line 280.
LaTeX Font Info:    ... okay on input line 280.
LaTeX Font Info:    Checking defaults for OT1/cmr/m/n on input line 280.
LaTeX Font Info:    ... okay on input line 280.
LaTeX Font Info:    Checking defaults for T1/cmr/m/n on input line 280.
LaTeX Font Info:    ... okay on input line 280.
LaTeX Font Info:    Checking defaults for TS1/cmr/m/n on input line 280.
LaTeX Font Info:    ... okay on input line 280.
LaTeX Font Info:    Checking defaults for OMX/cmex/m/n on input line 280.
LaTeX Font Info:    ... okay on input line 280.
LaTeX Font Info:    Checking defaults for U/cmr/m/n on input line 280.
LaTeX Font Info:    ... okay on input line 280.
LaTeX Font Info:    Checking defaults for IL2/cmr/m/n on input line 280.
LaTeX Font Info:    ... okay on input line 280.
LaTeX Font Info:    Checking defaults for PD1/pdf/m/n on input line 280.
LaTeX Font Info:    ... okay on input line 280.
LaTeX Font Info:    Checking defaults for PU/pdf/m/n on input line 280.
LaTeX Font Info:    ... okay on input line 280.
LaTeX Font Info:    Trying to load font information for IL2+ppl on input line 2
80.

(C:\Users\Vojta\AppData\Roaming\MiKTeX\tex/cslatex/cspsfonts\il2ppl.fd
File: il2ppl.fd 1998/01/31 CS Palatino
LaTeX Font Info:     CS Palatino on input line 2.
LaTeX Font Info:    (C) Z. Wagner,1998/01/31 on input line 3.
LaTeX Font Info:    Created by CsPsFont utility v.1.0e (C) Z. Wagner, 1998/01/3
1 on input line 4.
)
Package caption Info: Begin \AtBeginDocument code.
Package caption Info: changepage package is loaded.
\caption@adjustwidth@hsize=\dimen294
\caption@adjustwidth@linewidth=\dimen295
Package caption Info: hyperref package is loaded.
Package caption Info: hypcap package is loaded.
Package caption Info: End \AtBeginDocument code.

ABD: EveryShipout initializing macros
("C:\Program Files\MiKTeX\tex/context/base/mkii\supp-pdf.mkii"
[Loading MPS to PDF converter (version 2006.09.02).]
\scratchcounter=\count327
\scratchdimen=\dimen296
\scratchbox=\box66
\nofMPsegments=\count328
\nofMParguments=\count329
\everyMPshowfont=\toks49
\MPscratchCnt=\count330
\MPscratchDim=\dimen297
\MPnumerator=\count331
\makeMPintoPDFobject=\count332
\everyMPtoPDFconversion=\toks50
) ("C:\Program Files\MiKTeX\tex/latex/epstopdf-pkg\epstopdf-base.sty"
Package: epstopdf-base 2020-01-24 v2.11 Base part for package epstopdf
Package epstopdf-base Info: Redefining graphics rule for `.eps' on input line 4
85.
)

Package pgfplots Warning: running in backwards compatibility mode (unsuitable t
ick labels; missing features). Consider writing \pgfplotsset{compat=1.17} into 
your preamble.
 on input line 280.

\AtBeginShipoutBox=\box67
(C:\Users\Vojta\AppData\Roaming\MiKTeX\tex/latex/pdflscape\pdflscape.sty
Package: pdflscape 2019/12/05 v0.12 Display of landscape pages in PDF (HO)

("C:\Program Files\MiKTeX\tex/latex/graphics\lscape.sty"
Package: lscape 2000/10/22 v3.01 Landscape Pages (DPC)
)
Package pdflscape Info: Auto-detected driver: pdftex on input line 81.
)
Package hyperref Info: Link coloring ON on input line 280.

("C:\Program Files\MiKTeX\tex/latex/hyperref\nameref.sty"
Package: nameref 2019/09/16 v2.46 Cross-referencing by name of section

(C:\Users\Vojta\AppData\Roaming\MiKTeX\tex/latex/refcount\refcount.sty
Package: refcount 2019/12/15 v3.6 Data extraction from label references (HO)
)
(C:\Users\Vojta\AppData\Roaming\MiKTeX\tex/generic/gettitlestring\gettitlestrin
g.sty
Package: gettitlestring 2019/12/15 v1.6 Cleanup title references (HO)
)
\c@section@level=\count333
)
LaTeX Info: Redefining \ref on input line 280.
LaTeX Info: Redefining \pageref on input line 280.
LaTeX Info: Redefining \nameref on input line 280.
 (Diplomka.out) (Diplomka.out)
\@outlinefile=\write5
\openout5 = `Diplomka.out'.


*geometry* driver: auto-detecting
*geometry* detected driver: pdftex
*geometry* verbose mode - [ preamble ] result:
* driver: pdftex
* paper: a4paper
* layout: <same size as paper>
* layoutoffset:(h,v)=(0.0pt,0.0pt)
* modes: includehead includefoot twoside 
* h-part:(L,W,R)=(96.73936pt, 429.63663pt, 71.13188pt)
* v-part:(T,H,B)=(62.59605pt, 714.16418pt, 68.2866pt)
* \paperwidth=597.50787pt
* \paperheight=845.04684pt
* \textwidth=429.63663pt
* \textheight=660.33035pt
* \oddsidemargin=24.46938pt
* \evensidemargin=-1.1381pt
* \topmargin=-9.67393pt
* \headheight=14.0pt
* \headsep=17.07164pt
* \topskip=12.0pt
* \footskip=22.76219pt
* \marginparwidth=88.0pt
* \marginparsep=7.0pt
* \columnsep=10.0pt
* \skip\footins=10.8pt plus 4.0pt minus 2.0pt
* \hoffset=0.0pt
* \voffset=0.0pt
* \mag=1000
* \@twocolumnfalse
* \@twosidetrue
* \@mparswitchtrue
* \@reversemarginfalse
* (1in=72.27pt=25.4mm, 1cm=28.453pt)

\sirkaustavorig=\skip106
LaTeX Font Info:    Trying to load font information for IL2+qhv on input line 2
85.
(C:\Users\Vojta\AppData\Roaming\MiKTeX\tex/latex/tex-gyre\il2qhv.fd
File: il2qhv.fd 2009/09/25 v1.2 font definition file for IL2/qhv
)
\sirkafakultaorig=\skip107
\sirkadeskyorig=\skip108
 [1




{C:/Users/Vojta/AppData/Local/MiKTeX/pdftex/config/pdftex.map}] [2

]
<loga/MUNI_(black).pdf, id=149, 229.12602pt x 77.75047pt>
File: loga/MUNI_(black).pdf Graphic file (type pdf)
<use loga/MUNI_(black).pdf>
Package pdftex.def Info: loga/MUNI_(black).pdf  used on input line 285.
(pdftex.def)             Requested size: 214.81831pt x 72.89444pt.
\autororig=\skip109
\sirkatitulkaorig=\skip110
 [1 <./loga/MUNI_(black).pdf>] [2

]
\LevySloupecCZ=\skip111
\PravySloupecCZ=\skip112
LaTeX Font Info:    Trying to load font information for OT1+ppl on input line 2
85.

(C:\Users\Vojta\AppData\Roaming\MiKTeX\tex/latex/psnfss\ot1ppl.fd
File: ot1ppl.fd 2001/06/04 font definitions for OT1/ppl.
)
LaTeX Font Info:    Trying to load font information for OML+zplm on input line 
285.

(C:\Users\Vojta\AppData\Roaming\MiKTeX\tex/latex/psnfss\omlzplm.fd
File: omlzplm.fd 2002/09/08 Fontinst v1.914 font definitions for OML/zplm.
)
LaTeX Font Info:    Trying to load font information for OMS+zplm on input line 
285.

(C:\Users\Vojta\AppData\Roaming\MiKTeX\tex/latex/psnfss\omszplm.fd
File: omszplm.fd 2002/09/08 Fontinst v1.914 font definitions for OMS/zplm.
)
LaTeX Font Info:    Trying to load font information for OMX+zplm on input line 
285.

(C:\Users\Vojta\AppData\Roaming\MiKTeX\tex/latex/psnfss\omxzplm.fd
File: omxzplm.fd 2002/09/08 Fontinst v1.914 font definitions for OMX/zplm.
)
LaTeX Font Info:    Trying to load font information for OT1+zplm on input line 
285.

(C:\Users\Vojta\AppData\Roaming\MiKTeX\tex/latex/psnfss\ot1zplm.fd
File: ot1zplm.fd 2002/09/08 Fontinst v1.914 font definitions for OT1/zplm.
)
LaTeX Font Info:    Font shape `U/msa/m/n' will be
(Font)              scaled to size 12.50409pt on input line 285.
LaTeX Font Info:    Font shape `U/msa/m/n' will be
(Font)              scaled to size 9.37807pt on input line 285.
LaTeX Font Info:    Font shape `U/msa/m/n' will be
(Font)              scaled to size 7.29405pt on input line 285.
LaTeX Font Info:    Font shape `U/msb/m/n' will be
(Font)              scaled to size 12.50409pt on input line 285.
LaTeX Font Info:    Font shape `U/msb/m/n' will be
(Font)              scaled to size 9.37807pt on input line 285.
LaTeX Font Info:    Font shape `U/msb/m/n' will be
(Font)              scaled to size 7.29405pt on input line 285.
LaTeX Font Info:    Trying to load font information for U+rsfs on input line 28
5.

(C:\Users\Vojta\AppData\Roaming\MiKTeX\tex/latex/jknappen\ursfs.fd
File: ursfs.fd 1998/03/24 rsfs font definition file (jk)
) [3]
[4

]
\LevySloupecENG=\skip113
\PravySloupecENG=\skip114
 [5] [6

] [7] [8

]
<zadani.pdf, id=205, 597.51233pt x 845.0471pt>
File: zadani.pdf Graphic file (type pdf)
<use zadani.pdf>
Package pdftex.def Info: zadani.pdf  used on input line 342.
(pdftex.def)             Requested size: 597.51086pt x 845.04504pt.
File: zadani.pdf Graphic file (type pdf)
<use zadani.pdf>
Package pdftex.def Info: zadani.pdf  used on input line 342.
(pdftex.def)             Requested size: 597.51086pt x 845.04504pt.
<zadani.pdf, id=208, page=1, 597.51233pt x 845.0471pt>
File: zadani.pdf Graphic file (type pdf)
<use zadani.pdf, page 1>
Package pdftex.def Info: zadani.pdf , page1 used on input line 342.
(pdftex.def)             Requested size: 597.51086pt x 845.04504pt.
File: zadani.pdf Graphic file (type pdf)
<use zadani.pdf, page 1>
Package pdftex.def Info: zadani.pdf , page1 used on input line 342.
(pdftex.def)             Requested size: 597.53821pt x 845.08372pt.
File: zadani.pdf Graphic file (type pdf)
<use zadani.pdf, page 1>
Package pdftex.def Info: zadani.pdf , page1 used on input line 342.
(pdftex.def)             Requested size: 597.53821pt x 845.08372pt.
File: zadani.pdf Graphic file (type pdf)
<use zadani.pdf, page 1>
Package pdftex.def Info: zadani.pdf , page1 used on input line 342.
(pdftex.def)             Requested size: 597.53821pt x 845.08372pt.
File: zadani.pdf Graphic file (type pdf)
<use zadani.pdf, page 1>
Package pdftex.def Info: zadani.pdf , page1 used on input line 342.
(pdftex.def)             Requested size: 597.53821pt x 845.08372pt.
 [9 <./zadani.pdf>] [10

] [11] [12

] (Diplomka.toc)
\tf@toc=\write6
\openout6 = `Diplomka.toc'.

 [13]
[14

] (text_prace/01_Uvod.tex) [1

] [2

] (text_prace/02_Chapter_01.tex
Chapter 1.
[3

] [4] [5] [6] [7] [8]) [9] [10

] (text_prace/03_Chapter_02.tex
Chapter 2.
[11

] [12]) [13] [14

] (text_prace/04_Chapter_03.tex
Chapter 3.
[15

] [16]
<Pictures/potential.pdf, id=469, 578.16pt x 433.62pt>
File: Pictures/potential.pdf Graphic file (type pdf)
<use Pictures/potential.pdf>
Package pdftex.def Info: Pictures/potential.pdf  used on input line 109.
(pdftex.def)             Requested size: 429.63663pt x 322.22354pt.
 [17 <./Pictures/potential.pdf>] [18]
LaTeX Font Info:    Trying to load font information for TS1+ppl on input line 1
83.

(C:\Users\Vojta\AppData\Roaming\MiKTeX\tex/latex/psnfss\ts1ppl.fd
File: ts1ppl.fd 2001/06/04 font definitions for TS1/ppl.
) [19]
<Pictures/saddle.pdf, id=544, 578.16pt x 433.62pt>
File: Pictures/saddle.pdf Graphic file (type pdf)
<use Pictures/saddle.pdf>
Package pdftex.def Info: Pictures/saddle.pdf  used on input line 266.
(pdftex.def)             Requested size: 343.7106pt x 257.77882pt.

Underfull \vbox (badness 2591) has occurred while \output is active []

 [20 <./Pictures/saddle.pdf>]
<Pictures/unstable_node.pdf, id=576, 578.16pt x 433.62pt>
File: Pictures/unstable_node.pdf Graphic file (type pdf)
<use Pictures/unstable_node.pdf>
Package pdftex.def Info: Pictures/unstable_node.pdf  used on input line 354.
(pdftex.def)             Requested size: 343.7106pt x 257.77882pt.
 [21] [22 <./Pictures/unstable_node.pdf>]
LaTeX Font Info:    Trying to load font information for U+fplmbb on input line 
431.

(C:\Users\Vojta\AppData\Roaming\MiKTeX\tex/latex/psnfss\ufplmbb.fd
File: ufplmbb.fd 2003/10/30 Fontinst v1.914 font definitions for U/fplmbb.
) [23]
[24]
<Pictures/DeSitter_closed.pdf, id=651, 578.16pt x 433.62pt>
File: Pictures/DeSitter_closed.pdf Graphic file (type pdf)
<use Pictures/DeSitter_closed.pdf>
Package pdftex.def Info: Pictures/DeSitter_closed.pdf  used on input line 528.
(pdftex.def)             Requested size: 399.55891pt x 299.6679pt.


LaTeX Warning: `h' float specifier changed to `ht'.

<Pictures/DeSitter_closed_plus_expanding.pdf, id=652, 578.16pt x 433.62pt>
File: Pictures/DeSitter_closed_plus_expanding.pdf Graphic file (type pdf)
<use Pictures/DeSitter_closed_plus_expanding.pdf>
Package pdftex.def Info: Pictures/DeSitter_closed_plus_expanding.pdf  used on i
nput line 535.
(pdftex.def)             Requested size: 399.55891pt x 299.6679pt.
<Pictures/DeSitter_labile.pdf, id=653, 578.16pt x 433.62pt>
File: Pictures/DeSitter_labile.pdf Graphic file (type pdf)
<use Pictures/DeSitter_labile.pdf>
Package pdftex.def Info: Pictures/DeSitter_labile.pdf  used on input line 542.
(pdftex.def)             Requested size: 399.55891pt x 299.6679pt.
<Pictures/DeSitter_unstable.pdf, id=654, 578.16pt x 433.62pt>
File: Pictures/DeSitter_unstable.pdf Graphic file (type pdf)
<use Pictures/DeSitter_unstable.pdf>
Package pdftex.def Info: Pictures/DeSitter_unstable.pdf  used on input line 549
.
(pdftex.def)             Requested size: 399.55891pt x 299.6679pt.
<Pictures/Flat_closed.pdf, id=655, 578.16pt x 433.62pt>
File: Pictures/Flat_closed.pdf Graphic file (type pdf)
<use Pictures/Flat_closed.pdf>
Package pdftex.def Info: Pictures/Flat_closed.pdf  used on input line 556.
(pdftex.def)             Requested size: 399.55891pt x 299.6679pt.
<Pictures/Time_dep.pdf, id=656, 578.16pt x 722.7pt>
File: Pictures/Time_dep.pdf Graphic file (type pdf)
<use Pictures/Time_dep.pdf>
Package pdftex.def Info: Pictures/Time_dep.pdf  used on input line 563.
(pdftex.def)             Requested size: 429.63663pt x 537.03923pt.
[25] [26 <./Pictures/DeSitter_closed.pdf> <./Pictures/DeSitter_closed_plus_expa
nding.pdf

pdfTeX warning: pdflatex.exe (file ./Pictures/DeSitter_closed_plus_expanding.pd
f): PDF inclusion: multiple pdfs with page group included in a single page
>] [27 <./Pictures/DeSitter_labile.pdf> <./Pictures/DeSitter_unstable.pdf

pdfTeX warning: pdflatex.exe (file ./Pictures/DeSitter_unstable.pdf): PDF inclu
sion: multiple pdfs with page group included in a single page
>] [28 <./Pictures/Flat_closed.pdf>] [29 <./Pictures/Time_dep.pdf>]) [30

]
(text_prace/05_Chapter_04.tex
Chapter 4.
[31


] [32] [33]
<Pictures/Mathieu_stability.PNG, id=911, 469.00218pt x 568.37344pt>
File: Pictures/Mathieu_stability.PNG Graphic file (type png)
<use Pictures/Mathieu_stability.PNG>
Package pdftex.def Info: Pictures/Mathieu_stability.PNG  used on input line 201
.
(pdftex.def)             Requested size: 284.52756pt x 344.80798pt.


LaTeX Warning: `h' float specifier changed to `ht'.

[34] [35 <./Pictures/Mathieu_stability.PNG>]
Underfull \vbox (badness 10000) has occurred while \output is active []

 [36]
[37] [38] [39]
<pictures/grav_energy.png, id=1009, 578.16pt x 361.35pt>
File: pictures/grav_energy.png Graphic file (type png)
<use pictures/grav_energy.png>
Package pdftex.def Info: pictures/grav_energy.png  used on input line 433.
(pdftex.def)             Requested size: 429.63663pt x 268.51962pt.
<pictures/grav_energy_small.png, id=1010, 578.16pt x 361.35pt>
File: pictures/grav_energy_small.png Graphic file (type png)
<use pictures/grav_energy_small.png>
Package pdftex.def Info: pictures/grav_energy_small.png  used on input line 440
.
(pdftex.def)             Requested size: 429.63663pt x 268.51962pt.
<pictures/grav_velocity.png, id=1011, 578.16pt x 361.35pt>
File: pictures/grav_velocity.png Graphic file (type png)
<use pictures/grav_velocity.png>
Package pdftex.def Info: pictures/grav_velocity.png  used on input line 448.
(pdftex.def)             Requested size: 429.63663pt x 268.51962pt.
<pictures/grav_velocity_small.png, id=1012, 578.16pt x 361.35pt>
File: pictures/grav_velocity_small.png Graphic file (type png)
<use pictures/grav_velocity_small.png>
Package pdftex.def Info: pictures/grav_velocity_small.png  used on input line 4
56.
(pdftex.def)             Requested size: 429.63663pt x 268.51962pt.
<pictures/grav_evol_res.pdf, id=1013, 578.16pt x 361.35pt>
File: pictures/grav_evol_res.pdf Graphic file (type pdf)
<use pictures/grav_evol_res.pdf>
Package pdftex.def Info: pictures/grav_evol_res.pdf  used on input line 463.
(pdftex.def)             Requested size: 429.63663pt x 268.51962pt.
<pictures/grav_evol_nonres.pdf, id=1014, 578.16pt x 361.35pt>
File: pictures/grav_evol_nonres.pdf Graphic file (type pdf)
<use pictures/grav_evol_nonres.pdf>
Package pdftex.def Info: pictures/grav_evol_nonres.pdf  used on input line 470.

(pdftex.def)             Requested size: 429.63663pt x 268.51962pt.
) [40] [41 <./pictures/grav_energy.png> <./pictures/grav_energy_small.png>] [42
 <./pictures/grav_velocity.png> <./pictures/grav_velocity_small.png>] [43 <./pi
ctures/grav_evol_res.pdf> <./pictures/grav_evol_nonres.pdf

pdfTeX warning: pdflatex.exe (file ./pictures/grav_evol_nonres.pdf): PDF inclus
ion: multiple pdfs with page group included in a single page
>] [44

] (text_prace/06_Conclusion.tex [45

]) [46] (Diplomka.bbl) [47


] [48

]
[49]
Package atveryend Info: Empty hook `BeforeClearDocument' on input line 436.
Package atveryend Info: Empty hook `AfterLastShipout' on input line 436.
 (Diplomka.aux)
Package atveryend Info: Executing hook `AtVeryEndDocument' on input line 436.
Package atveryend Info: Executing hook `AtEndAfterFileList' on input line 436.


Package rerunfilecheck Warning: File `Diplomka.out' has changed.
(rerunfilecheck)                Rerun to get outlines right
(rerunfilecheck)                or use package `bookmark'.

Package rerunfilecheck Info: Checksums for `Diplomka.out':
(rerunfilecheck)             Before: CEDE66F56459316E082F72AAAD19D7B8;2384
(rerunfilecheck)             After:  C3C3DC012AC4A1BD3BCD6553878D01EB;2351.
 ) 
Here is how much of TeX's memory you used:
 39803 strings out of 481212
 885741 string characters out of 2915727
 2800449 words of memory out of 3000000
 54363 multiletter control sequences out of 15000+200000
 619406 words of font info for 132 fonts, out of 3000000 for 9000
 1141 hyphenation exceptions out of 8191
 63i,18n,101p,1140b,4129s stack positions out of 5000i,500n,10000p,200000b,50000s
{C:/Program Files/MiKTeX/fonts/enc/dvips/base/8r.enc}{C:/Program Files/MiKTeX
/fonts/enc/dvips/base/8a.enc}{C:/Users/Vojta/AppData/Roaming/MiKTeX/fonts/enc/d
vips/tex-gyre/q-cs.enc}{C:/Users/Vojta/AppData/Roaming/MiKTeX/fonts/enc/dvips/t
ex-gyre/q-cs-sc.enc}<C:/Program Files/MiKTeX/fonts/type1/public/amsfonts/cm/cme
x10.pfb><C:/Program Files/MiKTeX/fonts/type1/public/amsfonts/cm/cmmi10.pfb><C:/
Program Files/MiKTeX/fonts/type1/public/amsfonts/cm/cmr10.pfb><C:/Program Files
/MiKTeX/fonts/type1/public/amsfonts/cm/cmsy10.pfb><C:/Users/Vojta/AppData/Roami
ng/MiKTeX/fonts/type1/public/mathpazo/fplmbb.pfb><C:/Users/Vojta/AppData/Roamin
g/MiKTeX/fonts/type1/public/mathpazo/fplmr.pfb><C:/Users/Vojta/AppData/Roaming/
MiKTeX/fonts/type1/public/mathpazo/fplmri.pfb><C:/Users/Vojta/AppData/Roaming/M
iKTeX/fonts/type1/public/tex-gyre/qhvb.pfb><C:/Users/Vojta/AppData/Roaming/MiKT
eX/fonts/type1/public/tex-gyre/qhvr.pfb><C:/Program Files/MiKTeX/fonts/type1/ur
w/palatino/uplb8a.pfb><C:/Program Files/MiKTeX/fonts/type1/urw/palatino/uplr8a.
pfb><C:/Program Files/MiKTeX/fonts/type1/urw/palatino/uplri8a.pfb>
Output written on Diplomka.pdf (65 pages, 1324365 bytes).
PDF statistics:
 1210 PDF objects out of 1440 (max. 8388607)
 276 named destinations out of 1000 (max. 500000)
 382 words of extra memory for PDF output out of 10000 (max. 10000000)

