\BOOKMARK [0][-]{Desky.0}{Desky}{}% 1
\BOOKMARK [0][-]{Titulni strana.0}{Tituln\355\040strana}{}% 2
\BOOKMARK [0][-]{Bibliograficky zaznam.0}{Bibliografick\375\040z\341znam}{}% 3
\BOOKMARK [0][-]{Bibliographic Entry.0}{Bibliographic\040Entry}{}% 4
\BOOKMARK [0][-]{Abstrakt.0}{Abstrakt}{}% 5
\BOOKMARK [0][-]{Abstract.0}{Abstract}{}% 6
\BOOKMARK [0][-]{Oficialni zadani.0}{Ofici\341ln\355\040zad\341n\355}{}% 7
\BOOKMARK [0][-]{Podekovani.0}{\376\377\000P\000o\000d\001\033\000k\000o\000v\000\341\000n\000\355}{}% 8
\BOOKMARK [0][-]{Prohlaseni.0}{Prohl\341\235en\355}{}% 9
\BOOKMARK [0][-]{Obsah.0}{Obsah}{}% 10
\BOOKMARK [0][-]{chapter*.2}{Introduction}{}% 11
\BOOKMARK [0][-]{chapter.1}{Classical\040string\040motion\040on\040a\040general\040background}{}% 12
\BOOKMARK [1][-]{section.1.1}{Motion\040of\040classical\040relativistic\040particle}{chapter.1}% 13
\BOOKMARK [1][-]{section.1.2}{String\040action}{chapter.1}% 14
\BOOKMARK [1][-]{section.1.3}{Equations\040of\040motion}{chapter.1}% 15
\BOOKMARK [1][-]{section.1.4}{Boundary\040conditions}{chapter.1}% 16
\BOOKMARK [0][-]{chapter.2}{Flat\040spacetime}{}% 17
\BOOKMARK [1][-]{section.2.1}{Equations\040of\040motion\040and\040parameterization}{chapter.2}% 18
\BOOKMARK [1][-]{section.2.2}{Rest\040energy}{chapter.2}% 19
\BOOKMARK [0][-]{chapter.3}{Strings\040in\040expanding\040universe}{}% 20
\BOOKMARK [1][-]{section.3.1}{Lagrange\040approach}{chapter.3}% 21
\BOOKMARK [2][-]{subsection.3.1.1}{Lagrangian\040and\040potential}{section.3.1}% 22
\BOOKMARK [2][-]{subsection.3.1.2}{Equations\040of\040motion\040and\040critical\040points}{section.3.1}% 23
\BOOKMARK [1][-]{section.3.2}{Conservation\040of\040energy}{chapter.3}% 24
\BOOKMARK [2][-]{subsection.3.2.1}{Domain\040of\040definition}{section.3.2}% 25
\BOOKMARK [1][-]{section.3.3}{Summary\040of\040results}{chapter.3}% 26
\BOOKMARK [1][-]{section.3.4}{Verification\040with\040general\040equations\040of\040motion}{chapter.3}% 27
\BOOKMARK [0][-]{chapter.4}{Gravitational\040wave\040background}{}% 28
\BOOKMARK [1][-]{section.4.1}{Periodic\040gravitational\040wave}{chapter.4}% 29
\BOOKMARK [1][-]{section.4.2}{Gravitational\040wave\040burst\040with\040Gaussian\040profile}{chapter.4}% 30
\BOOKMARK [0][-]{Conclusion.0}{Conclusion}{}% 31
\BOOKMARK [0][-]{chapter*.21}{Conclusion}{}% 32
\BOOKMARK [0][-]{chapter*.22}{Bibliography}{}% 33
